e:\documents\github\comp3015c1\project_template\x64\debug\vc142.pdb
e:\documents\github\comp3015c1\project_template\x64\debug\vc142.idb
e:\documents\github\comp3015c1\project_template\x64\debug\glad.obj
e:\documents\github\comp3015c1\project_template\x64\debug\scenebasic_uniform.obj
e:\documents\github\comp3015c1\project_template\x64\debug\main.obj
e:\documents\github\comp3015c1\project_template\x64\debug\glutils.obj
e:\documents\github\comp3015c1\project_template\x64\debug\glslprogram.obj
e:\documents\github\comp3015c1\project_template\x64\debug\torus.obj
c:\users\marius\desktop\opengl\projects\project3\project_template\x64\debug\project_template.exe
c:\users\marius\desktop\opengl\projects\project3\project_template\x64\debug\project_template.ilk
c:\users\marius\desktop\opengl\projects\project3\project_template\x64\debug\project_template.pdb
c:\users\marius\desktop\project_template\x64\debug\project_template.exe
c:\users\marius\desktop\project_template\x64\debug\project_template.ilk
c:\users\marius\desktop\project_template\x64\debug\project_template.pdb
e:\documents\github\comp3015c1\project_template\x64\debug\project_template.ilk
e:\documents\github\comp3015c1\project_template\x64\debug\project_template.exe
e:\documents\github\comp3015c1\project_template\x64\debug\project_template.pdb
e:\documents\github\comp3015c1\project_template\x64\debug\project_template.tlog\cl.command.1.tlog
e:\documents\github\comp3015c1\project_template\x64\debug\project_template.tlog\cl.read.1.tlog
e:\documents\github\comp3015c1\project_template\x64\debug\project_template.tlog\cl.write.1.tlog
e:\documents\github\comp3015c1\project_template\x64\debug\project_template.tlog\link.15936-cvtres.read.1.tlog
e:\documents\github\comp3015c1\project_template\x64\debug\project_template.tlog\link.15936-cvtres.write.1.tlog
e:\documents\github\comp3015c1\project_template\x64\debug\project_template.tlog\link.15936-rc.read.1.tlog
e:\documents\github\comp3015c1\project_template\x64\debug\project_template.tlog\link.15936-rc.write.1.tlog
e:\documents\github\comp3015c1\project_template\x64\debug\project_template.tlog\link.15936.read.1.tlog
e:\documents\github\comp3015c1\project_template\x64\debug\project_template.tlog\link.15936.write.1.tlog
e:\documents\github\comp3015c1\project_template\x64\debug\project_template.tlog\link.command.1.tlog
e:\documents\github\comp3015c1\project_template\x64\debug\project_template.tlog\link.read.1.tlog
e:\documents\github\comp3015c1\project_template\x64\debug\project_template.tlog\link.write.1.tlog
